2015-06-03 16:48:18,646 [DEBUG]  Logger.writeAppLog : webMessageDTO after header value fill : [======================================================
                      PARAM SET                       
======================================================
[TPAY_LOG_HOME] -> [/www/kimbob79.godohosting.com/sample/tpay_log]
[APP_LOG] -> [1]
[EVENT_LOG] -> [1]
[EncFlag] -> [N]
[SERVICE_MODE] -> [PY0]
[Currency] -> [KRW]
[PayMethod] -> [CARD]
[version] -> [IPG01]
[ID] -> [FCD01]
[TID] -> [tpaytest0m01011506031648183317]
[GoodsCnt] -> []
[GoodsName] -> [t_ÏÉÅÌíàÎ™Ö]
[Amt] -> [1004]
[Moid] -> [toid1234567890]
[MID] -> [tpaytest0m]
[MallIP] -> [211.233.50.242]
[UserIP] -> []
[MallReserved] -> [MallReserved]
[RetryURL] -> []
[MallUserID] -> []
[BuyerName] -> [t_Íµ¨Îß§ÏûêÎ™Ö]
[BuyerAuthNum] -> []
[BuyerTel] -> [0212345678]
[BuyerEmail] -> [aaa@bbb.com]
[ParentEmail] -> []
[BuyerAddr] -> [ÏÑúÏö∏ÌäπÎ≥ÑÏãú Íµ¨Î°úÍµ¨ ÎîîÏßÄÌÑ∏Î°ú 30Í∏∏28, ÎßàÎ¶¨Ïò§ÌÉÄÏõå 9F]
[BuyerPostNo] -> [463400]
[CardCode] -> []
[AuthFlag] -> []
[CardNum] -> []
[CardExpire] -> [1906]
[CardInterest] -> [0]
[CardQuota] -> [00]
[AuthType] -> []
[KeyInCl] -> [01]
[CardType] -> [01]
[CardECI] -> []
[CardXID] -> []
[CardCAVV] -> []
[JoinCode] -> []
[ISPPGID] -> []
[ISPCode] -> []
[ISPSessionKey] -> []
[ISPEncData] -> []
[ISP_NOINT_INF] -> []
[ISP_QUOTA_INF] -> []
[ISP_NOINT] -> []
[ISP_QUOTA] -> []
[ISP_CARDCODE] -> []
[ISP_CONAME] -> []
[TransType] -> [0]
[ediDate] -> [20150603164818]
[length] -> [0]
[ErrorSys] -> [MALL]
[ErrorCD] -> [00000]
[ErrorMsg] -> []
======================================================
]
2015-06-03 16:48:18,646 [DEBUG]  Logger.writeAppLog : webMessageDTO after secure value fill : [======================================================
                      PARAM SET                       
======================================================
[TPAY_LOG_HOME] -> [/www/kimbob79.godohosting.com/sample/tpay_log]
[APP_LOG] -> [1]
[EVENT_LOG] -> [1]
[EncFlag] -> [N]
[SERVICE_MODE] -> [PY0]
[Currency] -> [KRW]
[PayMethod] -> [CARD]
[version] -> [IPG01]
[ID] -> [FCD01]
[TID] -> [tpaytest0m01011506031648183317]
[GoodsCnt] -> []
[GoodsName] -> [t_ÏÉÅÌíàÎ™Ö]
[Amt] -> [1004]
[Moid] -> [toid1234567890]
[MID] -> [tpaytest0m]
[MallIP] -> [211.233.50.242]
[UserIP] -> []
[MallReserved] -> [MallReserved]
[RetryURL] -> []
[MallUserID] -> []
[BuyerName] -> [t_Íµ¨Îß§ÏûêÎ™Ö]
[BuyerAuthNum] -> []
[BuyerTel] -> [0212345678]
[BuyerEmail] -> [aaa@bbb.com]
[ParentEmail] -> []
[BuyerAddr] -> [ÏÑúÏö∏ÌäπÎ≥ÑÏãú Íµ¨Î°úÍµ¨ ÎîîÏßÄÌÑ∏Î°ú 30Í∏∏28, ÎßàÎ¶¨Ïò§ÌÉÄÏõå 9F]
[BuyerPostNo] -> [463400]
[CardCode] -> []
[AuthFlag] -> []
[CardNum] -> []
[CardExpire] -> [1906]
[CardInterest] -> [0]
[CardQuota] -> [00]
[AuthType] -> []
[KeyInCl] -> [01]
[CardType] -> [01]
[CardECI] -> []
[CardXID] -> []
[CardCAVV] -> []
[JoinCode] -> []
[ISPPGID] -> []
[ISPCode] -> []
[ISPSessionKey] -> []
[ISPEncData] -> []
[ISP_NOINT_INF] -> []
[ISP_QUOTA_INF] -> []
[ISP_NOINT] -> []
[ISP_QUOTA] -> []
[ISP_CARDCODE] -> []
[ISP_CONAME] -> []
[TransType] -> [0]
[ediDate] -> [20150603164818]
[length] -> [0]
[ErrorSys] -> [MALL]
[ErrorCD] -> [00000]
[ErrorMsg] -> []
[EncryptData] -> [NWE2OGM5Mzg5MzE3MWMzZjBmNzgzZDk4ZTk2N2Y2ODA=]
======================================================
]
2015-06-03 16:48:18,646 [DEBUG]  Logger.writeAppLog : BodyMessage Bytes -> [01                  1906000  01                                                                                                                                                                                                                                                                                                                                                                                                                                                                                                                                                                                                                                                                                                    000000000000044NWE2OGM5Mzg5MzE3MWMzZjBmNzgzZDk4ZTk2N2Y2ODA=0 ]
2015-06-03 16:48:18,646 [DEBUG]  Logger.writeAppLog : HeaderMessage Bytes -> [IPG01FCD0120150603164818002852tpaytest0m01011506031648183317N MALL 00000                                                                                                    CARD      00t_ÏÉÅÌíàÎ™Ö                             000000001004toid1234567890                                                  KRW                                                                                                                                                                                                                                                                                                                                                                                                                tpaytest0m                                                                                          211.233.50.242                                    MallReserved                                                                                                                                                                                                                                                                                                                                                                                                                                                                                                                                                                                                                                                                                                                                                                                                                                                                                                                                            t_Íµ¨Îß§ÏûêÎ™Ö                               0212345678                              aaa@bbb.com                                                                                                             ÏÑúÏö∏ÌäπÎ≥ÑÏãú Íµ¨Î°úÍµ¨ ÎîîÏßÄÌÑ∏Î°ú 30Í∏∏28, ÎßàÎ¶¨Ïò§ÌÉÄÏõå 9F                                  463400]
2015-06-03 16:48:18,646 [DEBUG]  Logger.writeAppLog : request bytes -> [IPG01FCD0120150603164818002852tpaytest0m01011506031648183317N MALL 00000                                                                                                    CARD      00t_ÏÉÅÌíàÎ™Ö                             000000001004toid1234567890                                                  KRW                                                                                                                                                                                                                                                                                                                                                                                                                tpaytest0m                                                                                          211.233.50.242                                    MallReserved                                                                                                                                                                                                                                                                                                                                                                                                                                                                                                                                                                                                                                                                                                                                                                                                                                                                                                                                            t_Íµ¨Îß§ÏûêÎ™Ö                               0212345678                              aaa@bbb.com                                                                                                             ÏÑúÏö∏ÌäπÎ≥ÑÏãú Íµ¨Î°úÍµ¨ ÎîîÏßÄÌÑ∏Î°ú 30Í∏∏28, ÎßàÎ¶¨Ïò§ÌÉÄÏõå 9F                                  46340001                  1906000  01                                                                                                                                                                                                                                                                                                                                                                                                                                                                                                                                                                                                                                                                                                    000000000000044NWE2OGM5Mzg5MzE3MWMzZjBmNzgzZDk4ZTk2N2Y2ODA=0 ]
2015-06-03 16:48:18,646 [DEBUG]  Logger.writeAppLog : send bytes to IPG -> [IPG01FCD0120150603164818002852tpaytest0m01011506031648183317N MALL 00000                                                                                                    CARD      00t_ÏÉÅÌíàÎ™Ö                             000000001004toid1234567890                                                  KRW                                                                                                                                                                                                                                                                                                                                                                                                                tpaytest0m                                                                                          211.233.50.242                                    MallReserved                                                                                                                                                                                                                                                                                                                                                                                                                                                                                                                                                                                                                                                                                                                                                                                                                                                                                                                                            t_Íµ¨Îß§ÏûêÎ™Ö                               0212345678                              aaa@bbb.com                                                                                                             ÏÑúÏö∏ÌäπÎ≥ÑÏãú Íµ¨Î°úÍµ¨ ÎîîÏßÄÌÑ∏Î°ú 30Í∏∏28, ÎßàÎ¶¨Ïò§ÌÉÄÏõå 9F                                  46340001                  1906000  01                                                                                                                                                                                                                                                                                                                                                                                                                                                                                                                                                                                                                                                                                                    000000000000044NWE2OGM5Mzg5MzE3MWMzZjBmNzgzZDk4ZTk2N2Y2ODA=0 ]
2015-06-03 16:48:18,646 [DEBUG]  Logger.writeAppLog : webMessageDTO after header value fill : [======================================================
                      PARAM SET                       
======================================================
[version] -> [IPG01]
[ID] -> [IPGC1]
[TID] -> [tpaytest0m01011506031648183317]
[EncFlag] -> [N]
[PayMethod] -> [CARD]
[CancelAmt] -> [1004]
[CancelMsg] -> [∏¡√Îº“]
[MID] -> [tpaytest0m]
[CancelPwd] -> []
[LicenseKey] -> []
[CancelIP] -> [211.233.50.242]
[NetCancelCode] -> [1]
[ediDate] -> [20150603164818]
[length] -> [0]
[ErrorSys] -> [MALL]
[ErrorCD] -> [00000]
[ErrorMsg] -> []
======================================================
]
2015-06-03 16:48:18,646 [DEBUG]  Logger.writeAppLog : BodyMessage Bytes -> [000000001004                                                                                                                        211.233.50.242                                                   1 ]
2015-06-03 16:48:18,646 [DEBUG]  Logger.writeAppLog : HeaderMessage Bytes -> [IPG01IPGC120150603164818002283tpaytest0m01011506031648183317N MALL 00000                                                                                                    CARD      00                                        000000000000                                                                                                                                                                                                                                                                                                                                                                                                                                                                                   tpaytest0m                                                                                                                                                                                                                                                                                                                                                                                                                                                                                                                                                                                                                                                                                                                                                                                                                                                                                                                                                                                                                                                                                                                                                                                                                                                                                                                                                                                                                           ]
2015-06-03 16:48:18,646 [DEBUG]  Logger.writeAppLog : request bytes -> [IPG01IPGC120150603164818002283tpaytest0m01011506031648183317N MALL 00000                                                                                                    CARD      00                                        000000000000                                                                                                                                                                                                                                                                                                                                                                                                                                                                                   tpaytest0m                                                                                                                                                                                                                                                                                                                                                                                                                                                                                                                                                                                                                                                                                                                                                                                                                                                                                                                                                                                                                                                                                                                                                                                                                                                                                                                                                                                                                           000000001004                                                                                                                        211.233.50.242                                                   1 ]
2015-06-03 16:48:18,646 [DEBUG]  Logger.writeAppLog : send bytes to IPG -> [IPG01IPGC120150603164818002283tpaytest0m01011506031648183317N MALL 00000                                                                                                    CARD      00                                        000000000000                                                                                                                                                                                                                                                                                                                                                                                                                                                                                   tpaytest0m                                                                                                                                                                                                                                                                                                                                                                                                                                                                                                                                                                                                                                                                                                                                                                                                                                                                                                                                                                                                                                                                                                                                                                                                                                                                                                                                                                                                                           000000001004                                                                                                                        211.233.50.242                                                   1 ]
2015-06-03 16:48:18,646 [ERROR]  Logger.errorAppLog : 
2015-06-03 16:49:14,671 [DEBUG]  Logger.writeAppLog : webMessageDTO after header value fill : [======================================================
                      PARAM SET                       
======================================================
[TPAY_LOG_HOME] -> [/www/kimbob79.godohosting.com/sample/tpay_log]
[APP_LOG] -> [1]
[EVENT_LOG] -> [1]
[EncFlag] -> [N]
[SERVICE_MODE] -> [PY0]
[Currency] -> [KRW]
[PayMethod] -> [CARD]
[version] -> [IPG01]
[ID] -> [FCD01]
[TID] -> [tpaytest0m01011506031649143317]
[GoodsCnt] -> []
[GoodsName] -> [t_ªÛ«∞∏Ì]
[Amt] -> [1004]
[Moid] -> [toid1234567890]
[MID] -> [tpaytest0m]
[MallIP] -> [211.233.50.242]
[UserIP] -> []
[MallReserved] -> [MallReserved]
[RetryURL] -> []
[MallUserID] -> []
[BuyerName] -> [t_±∏∏≈¿⁄∏Ì]
[BuyerAuthNum] -> []
[BuyerTel] -> [0212345678]
[BuyerEmail] -> [aaa@bbb.com]
[ParentEmail] -> []
[BuyerAddr] -> [º≠øÔ∆Ø∫∞Ω√ ±∏∑Œ±∏ µ¡ˆ≈–∑Œ 30±Ê28, ∏∂∏Æø¿≈∏øˆ 9F]
[BuyerPostNo] -> [463400]
[CardCode] -> []
[AuthFlag] -> []
[CardNum] -> []
[CardExpire] -> [1906]
[CardInterest] -> [0]
[CardQuota] -> [00]
[AuthType] -> []
[KeyInCl] -> [01]
[CardType] -> [01]
[CardECI] -> []
[CardXID] -> []
[CardCAVV] -> []
[JoinCode] -> []
[ISPPGID] -> []
[ISPCode] -> []
[ISPSessionKey] -> []
[ISPEncData] -> []
[ISP_NOINT_INF] -> []
[ISP_QUOTA_INF] -> []
[ISP_NOINT] -> []
[ISP_QUOTA] -> []
[ISP_CARDCODE] -> []
[ISP_CONAME] -> []
[TransType] -> [0]
[ediDate] -> [20150603164914]
[length] -> [0]
[ErrorSys] -> [MALL]
[ErrorCD] -> [00000]
[ErrorMsg] -> []
======================================================
]
2015-06-03 16:49:14,671 [DEBUG]  Logger.writeAppLog : webMessageDTO after secure value fill : [======================================================
                      PARAM SET                       
======================================================
[TPAY_LOG_HOME] -> [/www/kimbob79.godohosting.com/sample/tpay_log]
[APP_LOG] -> [1]
[EVENT_LOG] -> [1]
[EncFlag] -> [N]
[SERVICE_MODE] -> [PY0]
[Currency] -> [KRW]
[PayMethod] -> [CARD]
[version] -> [IPG01]
[ID] -> [FCD01]
[TID] -> [tpaytest0m01011506031649143317]
[GoodsCnt] -> []
[GoodsName] -> [t_ªÛ«∞∏Ì]
[Amt] -> [1004]
[Moid] -> [toid1234567890]
[MID] -> [tpaytest0m]
[MallIP] -> [211.233.50.242]
[UserIP] -> []
[MallReserved] -> [MallReserved]
[RetryURL] -> []
[MallUserID] -> []
[BuyerName] -> [t_±∏∏≈¿⁄∏Ì]
[BuyerAuthNum] -> []
[BuyerTel] -> [0212345678]
[BuyerEmail] -> [aaa@bbb.com]
[ParentEmail] -> []
[BuyerAddr] -> [º≠øÔ∆Ø∫∞Ω√ ±∏∑Œ±∏ µ¡ˆ≈–∑Œ 30±Ê28, ∏∂∏Æø¿≈∏øˆ 9F]
[BuyerPostNo] -> [463400]
[CardCode] -> []
[AuthFlag] -> []
[CardNum] -> []
[CardExpire] -> [1906]
[CardInterest] -> [0]
[CardQuota] -> [00]
[AuthType] -> []
[KeyInCl] -> [01]
[CardType] -> [01]
[CardECI] -> []
[CardXID] -> []
[CardCAVV] -> []
[JoinCode] -> []
[ISPPGID] -> []
[ISPCode] -> []
[ISPSessionKey] -> []
[ISPEncData] -> []
[ISP_NOINT_INF] -> []
[ISP_QUOTA_INF] -> []
[ISP_NOINT] -> []
[ISP_QUOTA] -> []
[ISP_CARDCODE] -> []
[ISP_CONAME] -> []
[TransType] -> [0]
[ediDate] -> [20150603164914]
[length] -> [0]
[ErrorSys] -> [MALL]
[ErrorCD] -> [00000]
[ErrorMsg] -> []
[EncryptData] -> [Yzc0M2QwMzgxOWY2NGEyZTQzODA4ZTFiM2FmYmI5ZTc=]
======================================================
]
2015-06-03 16:49:14,671 [DEBUG]  Logger.writeAppLog : BodyMessage Bytes -> [01                  1906000  01                                                                                                                                                                                                                                                                                                                                                                                                                                                                                                                                                                                                                                                                                                    000000000000044Yzc0M2QwMzgxOWY2NGEyZTQzODA4ZTFiM2FmYmI5ZTc=0 ]
2015-06-03 16:49:14,671 [DEBUG]  Logger.writeAppLog : HeaderMessage Bytes -> [IPG01FCD0120150603164914002852tpaytest0m01011506031649143317N MALL 00000                                                                                                    CARD      00t_ªÛ«∞∏Ì                                000000001004toid1234567890                                                  KRW                                                                                                                                                                                                                                                                                                                                                                                                                tpaytest0m                                                                                          211.233.50.242                                    MallReserved                                                                                                                                                                                                                                                                                                                                                                                                                                                                                                                                                                                                                                                                                                                                                                                                                                                                                                                                            t_±∏∏≈¿⁄∏Ì                                   0212345678                              aaa@bbb.com                                                                                                             º≠øÔ∆Ø∫∞Ω√ ±∏∑Œ±∏ µ¡ˆ≈–∑Œ 30±Ê28, ∏∂∏Æø¿≈∏øˆ 9F                                                    463400]
2015-06-03 16:49:14,671 [DEBUG]  Logger.writeAppLog : request bytes -> [IPG01FCD0120150603164914002852tpaytest0m01011506031649143317N MALL 00000                                                                                                    CARD      00t_ªÛ«∞∏Ì                                000000001004toid1234567890                                                  KRW                                                                                                                                                                                                                                                                                                                                                                                                                tpaytest0m                                                                                          211.233.50.242                                    MallReserved                                                                                                                                                                                                                                                                                                                                                                                                                                                                                                                                                                                                                                                                                                                                                                                                                                                                                                                                            t_±∏∏≈¿⁄∏Ì                                   0212345678                              aaa@bbb.com                                                                                                             º≠øÔ∆Ø∫∞Ω√ ±∏∑Œ±∏ µ¡ˆ≈–∑Œ 30±Ê28, ∏∂∏Æø¿≈∏øˆ 9F                                                    46340001                  1906000  01                                                                                                                                                                                                                                                                                                                                                                                                                                                                                                                                                                                                                                                                                                    000000000000044Yzc0M2QwMzgxOWY2NGEyZTQzODA4ZTFiM2FmYmI5ZTc=0 ]
2015-06-03 16:49:14,671 [DEBUG]  Logger.writeAppLog : send bytes to IPG -> [IPG01FCD0120150603164914002852tpaytest0m01011506031649143317N MALL 00000                                                                                                    CARD      00t_ªÛ«∞∏Ì                                000000001004toid1234567890                                                  KRW                                                                                                                                                                                                                                                                                                                                                                                                                tpaytest0m                                                                                          211.233.50.242                                    MallReserved                                                                                                                                                                                                                                                                                                                                                                                                                                                                                                                                                                                                                                                                                                                                                                                                                                                                                                                                            t_±∏∏≈¿⁄∏Ì                                   0212345678                              aaa@bbb.com                                                                                                             º≠øÔ∆Ø∫∞Ω√ ±∏∑Œ±∏ µ¡ˆ≈–∑Œ 30±Ê28, ∏∂∏Æø¿≈∏øˆ 9F                                                    46340001                  1906000  01                                                                                                                                                                                                                                                                                                                                                                                                                                                                                                                                                                                                                                                                                                    000000000000044Yzc0M2QwMzgxOWY2NGEyZTQzODA4ZTFiM2FmYmI5ZTc=0 ]
2015-06-03 16:49:14,671 [DEBUG]  Logger.writeAppLog : webMessageDTO after header value fill : [======================================================
                      PARAM SET                       
======================================================
[version] -> [IPG01]
[ID] -> [IPGC1]
[TID] -> [tpaytest0m01011506031649143317]
[EncFlag] -> [N]
[PayMethod] -> [CARD]
[CancelAmt] -> [1004]
[CancelMsg] -> [∏¡√Îº“]
[MID] -> [tpaytest0m]
[CancelPwd] -> []
[LicenseKey] -> []
[CancelIP] -> [211.233.50.242]
[NetCancelCode] -> [1]
[ediDate] -> [20150603164914]
[length] -> [0]
[ErrorSys] -> [MALL]
[ErrorCD] -> [00000]
[ErrorMsg] -> []
======================================================
]
2015-06-03 16:49:14,671 [DEBUG]  Logger.writeAppLog : BodyMessage Bytes -> [000000001004                                                                                                                        211.233.50.242                                                   1 ]
2015-06-03 16:49:14,671 [DEBUG]  Logger.writeAppLog : HeaderMessage Bytes -> [IPG01IPGC120150603164914002283tpaytest0m01011506031649143317N MALL 00000                                                                                                    CARD      00                                        000000000000                                                                                                                                                                                                                                                                                                                                                                                                                                                                                   tpaytest0m                                                                                                                                                                                                                                                                                                                                                                                                                                                                                                                                                                                                                                                                                                                                                                                                                                                                                                                                                                                                                                                                                                                                                                                                                                                                                                                                                                                                                           ]
2015-06-03 16:49:14,671 [DEBUG]  Logger.writeAppLog : request bytes -> [IPG01IPGC120150603164914002283tpaytest0m01011506031649143317N MALL 00000                                                                                                    CARD      00                                        000000000000                                                                                                                                                                                                                                                                                                                                                                                                                                                                                   tpaytest0m                                                                                                                                                                                                                                                                                                                                                                                                                                                                                                                                                                                                                                                                                                                                                                                                                                                                                                                                                                                                                                                                                                                                                                                                                                                                                                                                                                                                                           000000001004                                                                                                                        211.233.50.242                                                   1 ]
2015-06-03 16:49:14,671 [DEBUG]  Logger.writeAppLog : send bytes to IPG -> [IPG01IPGC120150603164914002283tpaytest0m01011506031649143317N MALL 00000                                                                                                    CARD      00                                        000000000000                                                                                                                                                                                                                                                                                                                                                                                                                                                                                   tpaytest0m                                                                                                                                                                                                                                                                                                                                                                                                                                                                                                                                                                                                                                                                                                                                                                                                                                                                                                                                                                                                                                                                                                                                                                                                                                                                                                                                                                                                                           000000001004                                                                                                                        211.233.50.242                                                   1 ]
2015-06-03 16:49:14,671 [ERROR]  Logger.errorAppLog : 
2015-06-03 16:50:25,598 [DEBUG]  Logger.writeAppLog : webMessageDTO after header value fill : [======================================================
                      PARAM SET                       
======================================================
[TPAY_LOG_HOME] -> [/www/kimbob79.godohosting.com/sample/tpay_log]
[APP_LOG] -> [1]
[EVENT_LOG] -> [1]
[EncFlag] -> [N]
[SERVICE_MODE] -> [PY0]
[Currency] -> [KRW]
[PayMethod] -> [CARD]
[version] -> [IPG01]
[ID] -> [FCD01]
[TID] -> [tpaytest0m01011506031650253331]
[GoodsCnt] -> []
[GoodsName] -> [t_ªÛ«∞∏Ì]
[Amt] -> [1004]
[Moid] -> [toid1234567890]
[MID] -> [tpaytest0m]
[MallIP] -> [211.233.50.242]
[UserIP] -> []
[MallReserved] -> [MallReserved]
[RetryURL] -> []
[MallUserID] -> []
[BuyerName] -> [t_±∏∏≈¿⁄∏Ì]
[BuyerAuthNum] -> []
[BuyerTel] -> [0212345678]
[BuyerEmail] -> [aaa@bbb.com]
[ParentEmail] -> []
[BuyerAddr] -> [º≠øÔ∆Ø∫∞Ω√ ±∏∑Œ±∏ µ¡ˆ≈–∑Œ 30±Ê28, ∏∂∏Æø¿≈∏øˆ 9F]
[BuyerPostNo] -> [463400]
[CardCode] -> []
[AuthFlag] -> []
[CardNum] -> []
[CardExpire] -> [1906]
[CardInterest] -> [0]
[CardQuota] -> [00]
[AuthType] -> []
[KeyInCl] -> [01]
[CardType] -> [01]
[CardECI] -> []
[CardXID] -> []
[CardCAVV] -> []
[JoinCode] -> []
[ISPPGID] -> []
[ISPCode] -> []
[ISPSessionKey] -> []
[ISPEncData] -> []
[ISP_NOINT_INF] -> []
[ISP_QUOTA_INF] -> []
[ISP_NOINT] -> []
[ISP_QUOTA] -> []
[ISP_CARDCODE] -> []
[ISP_CONAME] -> []
[TransType] -> [0]
[ediDate] -> [20150603165025]
[length] -> [0]
[ErrorSys] -> [MALL]
[ErrorCD] -> [00000]
[ErrorMsg] -> []
======================================================
]
2015-06-03 16:50:25,598 [DEBUG]  Logger.writeAppLog : webMessageDTO after secure value fill : [======================================================
                      PARAM SET                       
======================================================
[TPAY_LOG_HOME] -> [/www/kimbob79.godohosting.com/sample/tpay_log]
[APP_LOG] -> [1]
[EVENT_LOG] -> [1]
[EncFlag] -> [N]
[SERVICE_MODE] -> [PY0]
[Currency] -> [KRW]
[PayMethod] -> [CARD]
[version] -> [IPG01]
[ID] -> [FCD01]
[TID] -> [tpaytest0m01011506031650253331]
[GoodsCnt] -> []
[GoodsName] -> [t_ªÛ«∞∏Ì]
[Amt] -> [1004]
[Moid] -> [toid1234567890]
[MID] -> [tpaytest0m]
[MallIP] -> [211.233.50.242]
[UserIP] -> []
[MallReserved] -> [MallReserved]
[RetryURL] -> []
[MallUserID] -> []
[BuyerName] -> [t_±∏∏≈¿⁄∏Ì]
[BuyerAuthNum] -> []
[BuyerTel] -> [0212345678]
[BuyerEmail] -> [aaa@bbb.com]
[ParentEmail] -> []
[BuyerAddr] -> [º≠øÔ∆Ø∫∞Ω√ ±∏∑Œ±∏ µ¡ˆ≈–∑Œ 30±Ê28, ∏∂∏Æø¿≈∏øˆ 9F]
[BuyerPostNo] -> [463400]
[CardCode] -> []
[AuthFlag] -> []
[CardNum] -> []
[CardExpire] -> [1906]
[CardInterest] -> [0]
[CardQuota] -> [00]
[AuthType] -> []
[KeyInCl] -> [01]
[CardType] -> [01]
[CardECI] -> []
[CardXID] -> []
[CardCAVV] -> []
[JoinCode] -> []
[ISPPGID] -> []
[ISPCode] -> []
[ISPSessionKey] -> []
[ISPEncData] -> []
[ISP_NOINT_INF] -> []
[ISP_QUOTA_INF] -> []
[ISP_NOINT] -> []
[ISP_QUOTA] -> []
[ISP_CARDCODE] -> []
[ISP_CONAME] -> []
[TransType] -> [0]
[ediDate] -> [20150603165025]
[length] -> [0]
[ErrorSys] -> [MALL]
[ErrorCD] -> [00000]
[ErrorMsg] -> []
[EncryptData] -> [NjgxZDVhNmZjMWIyYTU2M2Y2M2U4ODE2NGViZGJmYzA=]
======================================================
]
2015-06-03 16:50:25,598 [DEBUG]  Logger.writeAppLog : BodyMessage Bytes -> [01                  1906000  01                                                                                                                                                                                                                                                                                                                                                                                                                                                                                                                                                                                                                                                                                                    000000000000044NjgxZDVhNmZjMWIyYTU2M2Y2M2U4ODE2NGViZGJmYzA=0 ]
2015-06-03 16:50:25,598 [DEBUG]  Logger.writeAppLog : HeaderMessage Bytes -> [IPG01FCD0120150603165025002852tpaytest0m01011506031650253331N MALL 00000                                                                                                    CARD      00t_ªÛ«∞∏Ì                                000000001004toid1234567890                                                  KRW                                                                                                                                                                                                                                                                                                                                                                                                                tpaytest0m                                                                                          211.233.50.242                                    MallReserved                                                                                                                                                                                                                                                                                                                                                                                                                                                                                                                                                                                                                                                                                                                                                                                                                                                                                                                                            t_±∏∏≈¿⁄∏Ì                                   0212345678                              aaa@bbb.com                                                                                                             º≠øÔ∆Ø∫∞Ω√ ±∏∑Œ±∏ µ¡ˆ≈–∑Œ 30±Ê28, ∏∂∏Æø¿≈∏øˆ 9F                                                    463400]
2015-06-03 16:50:25,598 [DEBUG]  Logger.writeAppLog : request bytes -> [IPG01FCD0120150603165025002852tpaytest0m01011506031650253331N MALL 00000                                                                                                    CARD      00t_ªÛ«∞∏Ì                                000000001004toid1234567890                                                  KRW                                                                                                                                                                                                                                                                                                                                                                                                                tpaytest0m                                                                                          211.233.50.242                                    MallReserved                                                                                                                                                                                                                                                                                                                                                                                                                                                                                                                                                                                                                                                                                                                                                                                                                                                                                                                                            t_±∏∏≈¿⁄∏Ì                                   0212345678                              aaa@bbb.com                                                                                                             º≠øÔ∆Ø∫∞Ω√ ±∏∑Œ±∏ µ¡ˆ≈–∑Œ 30±Ê28, ∏∂∏Æø¿≈∏øˆ 9F                                                    46340001                  1906000  01                                                                                                                                                                                                                                                                                                                                                                                                                                                                                                                                                                                                                                                                                                    000000000000044NjgxZDVhNmZjMWIyYTU2M2Y2M2U4ODE2NGViZGJmYzA=0 ]
2015-06-03 16:50:25,598 [DEBUG]  Logger.writeAppLog : send bytes to IPG -> [IPG01FCD0120150603165025002852tpaytest0m01011506031650253331N MALL 00000                                                                                                    CARD      00t_ªÛ«∞∏Ì                                000000001004toid1234567890                                                  KRW                                                                                                                                                                                                                                                                                                                                                                                                                tpaytest0m                                                                                          211.233.50.242                                    MallReserved                                                                                                                                                                                                                                                                                                                                                                                                                                                                                                                                                                                                                                                                                                                                                                                                                                                                                                                                            t_±∏∏≈¿⁄∏Ì                                   0212345678                              aaa@bbb.com                                                                                                             º≠øÔ∆Ø∫∞Ω√ ±∏∑Œ±∏ µ¡ˆ≈–∑Œ 30±Ê28, ∏∂∏Æø¿≈∏øˆ 9F                                                    46340001                  1906000  01                                                                                                                                                                                                                                                                                                                                                                                                                                                                                                                                                                                                                                                                                                    000000000000044NjgxZDVhNmZjMWIyYTU2M2Y2M2U4ODE2NGViZGJmYzA=0 ]
2015-06-03 16:50:25,598 [DEBUG]  Logger.writeAppLog : webMessageDTO after header value fill : [======================================================
                      PARAM SET                       
======================================================
[version] -> [IPG01]
[ID] -> [IPGC1]
[TID] -> [tpaytest0m01011506031650253331]
[EncFlag] -> [N]
[PayMethod] -> [CARD]
[CancelAmt] -> [1004]
[CancelMsg] -> [∏¡√Îº“]
[MID] -> [tpaytest0m]
[CancelPwd] -> []
[LicenseKey] -> []
[CancelIP] -> [211.233.50.242]
[NetCancelCode] -> [1]
[ediDate] -> [20150603165025]
[length] -> [0]
[ErrorSys] -> [MALL]
[ErrorCD] -> [00000]
[ErrorMsg] -> []
======================================================
]
2015-06-03 16:50:25,598 [DEBUG]  Logger.writeAppLog : BodyMessage Bytes -> [000000001004                                                                                                                        211.233.50.242                                                   1 ]
2015-06-03 16:50:25,598 [DEBUG]  Logger.writeAppLog : HeaderMessage Bytes -> [IPG01IPGC120150603165025002283tpaytest0m01011506031650253331N MALL 00000                                                                                                    CARD      00                                        000000000000                                                                                                                                                                                                                                                                                                                                                                                                                                                                                   tpaytest0m                                                                                                                                                                                                                                                                                                                                                                                                                                                                                                                                                                                                                                                                                                                                                                                                                                                                                                                                                                                                                                                                                                                                                                                                                                                                                                                                                                                                                           ]
2015-06-03 16:50:25,598 [DEBUG]  Logger.writeAppLog : request bytes -> [IPG01IPGC120150603165025002283tpaytest0m01011506031650253331N MALL 00000                                                                                                    CARD      00                                        000000000000                                                                                                                                                                                                                                                                                                                                                                                                                                                                                   tpaytest0m                                                                                                                                                                                                                                                                                                                                                                                                                                                                                                                                                                                                                                                                                                                                                                                                                                                                                                                                                                                                                                                                                                                                                                                                                                                                                                                                                                                                                           000000001004                                                                                                                        211.233.50.242                                                   1 ]
2015-06-03 16:50:25,598 [DEBUG]  Logger.writeAppLog : send bytes to IPG -> [IPG01IPGC120150603165025002283tpaytest0m01011506031650253331N MALL 00000                                                                                                    CARD      00                                        000000000000                                                                                                                                                                                                                                                                                                                                                                                                                                                                                   tpaytest0m                                                                                                                                                                                                                                                                                                                                                                                                                                                                                                                                                                                                                                                                                                                                                                                                                                                                                                                                                                                                                                                                                                                                                                                                                                                                                                                                                                                                                           000000001004                                                                                                                        211.233.50.242                                                   1 ]
2015-06-03 16:50:25,598 [ERROR]  Logger.errorAppLog : 
